2017-09-13 17:28:43:  start to sync now
2017-09-13 17:28:53: /Users/Later/Documents/Blog/Later/kklater.github.io/_posts/2013-12-24-categories.md uploaded to server done
2017-09-13 17:28:55: /Users/Later/Documents/Blog/Later/kklater.github.io/_posts/2013-12-24-elements.md uploaded to server done
2017-09-13 17:28:58: /Users/Later/Documents/Blog/Later/kklater.github.io/_posts/2013-12-24-link-post.md uploaded to server done
2017-09-13 17:28:59: /Users/Later/Documents/Blog/Later/kklater.github.io/_posts/2013-12-24-long-title.md uploaded to server done
2017-09-13 17:29:01: /Users/Later/Documents/Blog/Later/kklater.github.io/_posts/2013-12-24-tags.md uploaded to server done
2017-09-13 17:29:02: /Users/Later/Documents/Blog/Later/kklater.github.io/_posts/2013-12-24-中文測試.md uploaded to server done
2017-09-13 17:29:03: /Users/Later/Documents/Blog/Later/kklater.github.io/_posts/2013-12-24-日本語テスト.md uploaded to server done
2017-09-13 17:29:05: /Users/Later/Documents/Blog/Later/kklater.github.io/_posts/2013-12-25-block.md uploaded to server done
2017-09-13 17:29:06: /Users/Later/Documents/Blog/Later/kklater.github.io/_posts/2013-12-25-excerpts.md uploaded to server done
2017-09-13 17:29:08: /Users/Later/Documents/Blog/Later/kklater.github.io/_posts/2013-12-26-images.md uploaded to server done
2017-09-13 17:29:11: /Users/Later/Documents/Blog/Later/kklater.github.io/_posts/2014-02-16-Mathjax-with-jekyll.md uploaded to server done
2017-09-13 17:29:12: /Users/Later/Documents/Blog/Later/kklater.github.io/_posts/2014-11-18-gallery-post.md uploaded to server done
2017-09-13 17:29:13: /Users/Later/Documents/Blog/Later/kklater.github.io/_posts/2015-09-19-emoji-test.md uploaded to server done
2017-09-13 17:29:14: /Users/Later/Documents/Blog/Later/kklater.github.io/_posts/2016-04-27-iOS 泛型（Lightweight Generice）的使用.markdown exist on server side already
2017-09-13 17:29:16: /Users/Later/Documents/Blog/Later/kklater.github.io/_posts/2016-07-29-关于AssetsLibrary和PhotosKit.md uploaded to server done
2017-09-13 17:29:18: /Users/Later/Documents/Blog/Later/kklater.github.io/_posts/2017-07-19-highlight-test.md uploaded to server done
2017-09-13 17:29:21: /Users/Later/Documents/Blog/Later/kklater.github.io/_posts/2017-07-20-next-tutorial.md uploaded to server done
2017-09-13 17:29:21:  sync ended
2017-09-13 18:15:00: sync-from-server got _data/visits/2017-08-14.csv from server
2017-09-13 18:15:00: sync-from-server got _data/visits/2017-08-15.csv from server
2017-09-13 18:15:00: sync-from-server 2016-04-27-iOS 泛型（Lightweight Generice）的使用.markdown same file in both client side and server side
2017-09-13 18:15:00: sync-from-server got configs/site.json from server
2017-09-13 18:15:00: sync-from-server got _direct/favicon.ico from server
2017-09-13 18:15:00: sync-from-server got _direct/avatar.png from server
2017-09-13 18:15:00: sync-from-server got _direct/site_avatar.png from server
2017-09-13 18:15:00: sync-from-server got _direct/admin.png from server
2017-09-13 18:15:00: sync-from-server got _direct/bg.jpg from server
2017-09-13 18:15:00: sync-from-server got configs/advanced.json from server
2017-09-13 18:15:00: sync-from-server 2013-12-24-categories.md same file in both client side and server side
2017-09-13 18:15:00: sync-from-server 2013-12-24-elements.md same file in both client side and server side
2017-09-13 18:15:00: sync-from-server 2013-12-24-link-post.md same file in both client side and server side
2017-09-13 18:15:00: sync-from-server 2013-12-24-long-title.md same file in both client side and server side
2017-09-13 18:15:00: sync-from-server 2013-12-24-tags.md same file in both client side and server side
2017-09-13 18:15:00: sync-from-server 2013-12-24-中文測試.md same file in both client side and server side
2017-09-13 18:15:00: sync-from-server 2013-12-24-日本語テスト.md same file in both client side and server side
2017-09-13 18:15:00: sync-from-server 2013-12-25-block.md same file in both client side and server side
2017-09-13 18:15:00: sync-from-server 2013-12-25-excerpts.md same file in both client side and server side
2017-09-13 18:15:00: sync-from-server 2013-12-26-images.md same file in both client side and server side
2017-09-13 18:15:00: sync-from-server 2014-02-16-Mathjax-with-jekyll.md same file in both client side and server side
2017-09-13 18:15:00: sync-from-server 2014-11-18-gallery-post.md same file in both client side and server side
2017-09-13 18:15:00: sync-from-server 2015-09-19-emoji-test.md same file in both client side and server side
2017-09-13 18:15:00: sync-from-server 2016-07-29-关于AssetsLibrary和PhotosKit.md same file in both client side and server side
2017-09-13 18:15:00: sync-from-server 2017-07-19-highlight-test.md same file in both client side and server side
2017-09-13 18:15:00: sync-from-server 2017-07-20-next-tutorial.md same file in both client side and server side
2017-09-13 18:15:00: sync-from-server got index.md from server
2017-09-13 18:15:00: sync-from-server got configs/render.json from server
2017-09-13 18:15:00: sync-from-server got configs/nav_config.json from server
2017-09-13 18:15:00: sync-from-server got about.md from server
2017-09-13 18:15:00: sync-from-server got _data/visits.csv from server
2017-09-13 18:15:00: sync-from-server got _data/visits/2017-09-13.csv from server
2017-09-13 18:15:00: sync-from-server synced 53 files from server
2017-09-13 18:16:33:  start to sync now
2017-09-13 18:16:42: /Users/Later/Documents/Blog/Later/kklater.github.io/_posts/about.md uploaded to server done
2017-09-13 18:16:47: /Users/Later/Documents/Blog/Later/kklater.github.io/_posts/_direct update folder to server
2017-09-13 18:16:47:  sync ended
2017-09-13 18:17:48:  start to sync now
2017-09-13 18:17:56: /Users/Later/Documents/Blog/Later/kklater.github.io/_posts/about.md uploaded to server done
2017-09-13 18:17:56:  sync ended
2017-09-13 18:18:42:  start to sync now
2017-09-13 18:18:47: /Users/Later/Documents/Blog/Later/kklater.github.io/_posts/about.md uploaded to server done
2017-09-13 18:18:47:  sync ended
2017-09-13 18:19:12:  start to sync now
2017-09-13 18:19:14: /Users/Later/Documents/Blog/Later/kklater.github.io/_posts/about.md uploaded to server done
2017-09-13 18:19:14:  sync ended
2017-09-13 18:21:07:  start to sync now
2017-09-13 18:21:16: /Users/Later/Documents/Blog/Later/kklater.github.io/_posts/about.md uploaded to server done
2017-09-13 18:21:16:  sync ended
2017-09-14 02:29:44: sync-from-server got index.md from server
2017-09-14 02:29:44: sync-from-server got _data/visits/2017-09-13.csv from server
2017-09-14 02:29:44: sync-from-server got _direct/bg.jpg from server
2017-09-14 02:29:44: sync-from-server got about.md from server
2017-09-14 02:29:44: sync-from-server got link.md from server
2017-09-14 02:29:44: sync-from-server got project.md from server
2017-09-14 02:29:44: sync-from-server configs/nav_config.json same file in both client side and server side
2017-09-14 02:29:44: sync-from-server got _data/visits.csv from server
2017-09-14 02:29:44: sync-from-server got _data/visits/2017-09-14.csv from server
2017-09-14 02:29:44: sync-from-server got template/base.jade from server
2017-09-14 02:29:44: sync-from-server got template/archive.jade from server
2017-09-14 02:29:44: sync-from-server got template/index+tags+post.jade from server
2017-09-14 02:29:44: sync-from-server got template/readme.txt from server
2017-09-14 02:29:44: sync-from-server got template/style.scss from server
2017-09-14 02:29:44: sync-from-server got configs/render.json from server
2017-09-14 02:29:44: sync-from-server synced 30 files from server
2017-09-14 02:49:23:  start to sync now
2017-09-14 02:49:29: /Users/Later/Documents/Blog/Later/kklater.github.io/_posts/index.md uploaded to server done
2017-09-14 02:49:30: /Users/Later/Documents/Blog/Later/kklater.github.io/_posts/_attachment update folder to server
2017-09-14 02:49:31: /Users/Later/Documents/Blog/Later/kklater.github.io/_posts/_attachment/jianshu.svg uploaded to server done
2017-09-14 02:49:33: /Users/Later/Documents/Blog/Later/kklater.github.io/_posts/configs/render.json deleted on server
2017-09-14 02:49:34: /Users/Later/Documents/Blog/Later/kklater.github.io/_posts/configs/nav_config.json deleted on server
2017-09-14 02:49:34: /Users/Later/Documents/Blog/Later/kklater.github.io/_posts/2013-12-26-images.md deleted on server
2017-09-14 02:49:35: /Users/Later/Documents/Blog/Later/kklater.github.io/_posts/2014-11-18-gallery-post.md deleted on server
2017-09-14 02:49:36: /Users/Later/Documents/Blog/Later/kklater.github.io/_posts/configs/advanced.json deleted on server
2017-09-14 02:49:36: /Users/Later/Documents/Blog/Later/kklater.github.io/_posts/2014-02-16-Mathjax-with-jekyll.md deleted on server
2017-09-14 02:49:37: /Users/Later/Documents/Blog/Later/kklater.github.io/_posts/template/archive.jade deleted on server
2017-09-14 02:49:38: /Users/Later/Documents/Blog/Later/kklater.github.io/_posts/2017-07-19-highlight-test.md deleted on server
2017-09-14 02:49:39: /Users/Later/Documents/Blog/Later/kklater.github.io/_posts/2013-12-24-link-post.md deleted on server
2017-09-14 02:49:40: /Users/Later/Documents/Blog/Later/kklater.github.io/_posts/2013-12-24-categories.md deleted on server
2017-09-14 02:49:40: /Users/Later/Documents/Blog/Later/kklater.github.io/_posts/configs/site.json deleted on server
2017-09-14 02:49:41: /Users/Later/Documents/Blog/Later/kklater.github.io/_posts/2013-12-25-block.md deleted on server
2017-09-14 02:49:42: /Users/Later/Documents/Blog/Later/kklater.github.io/_posts/template/index+tags+post.jade deleted on server
2017-09-14 02:49:42: /Users/Later/Documents/Blog/Later/kklater.github.io/_posts/template/style.scss deleted on server
2017-09-14 02:49:43: /Users/Later/Documents/Blog/Later/kklater.github.io/_posts/template/base.jade deleted on server
2017-09-14 02:49:43: /Users/Later/Documents/Blog/Later/kklater.github.io/_posts/template/readme.txt deleted on server
2017-09-14 02:49:44: /Users/Later/Documents/Blog/Later/kklater.github.io/_posts/configs deleted on server
2017-09-14 02:49:45: /Users/Later/Documents/Blog/Later/kklater.github.io/_posts/2013-12-24-中文測試.md deleted on server
2017-09-14 02:49:45: /Users/Later/Documents/Blog/Later/kklater.github.io/_posts/2013-12-24-elements.md deleted on server
2017-09-14 02:49:46: /Users/Later/Documents/Blog/Later/kklater.github.io/_posts/2013-12-24-long-title.md deleted on server
2017-09-14 02:49:47: /Users/Later/Documents/Blog/Later/kklater.github.io/_posts/2013-12-24-tags.md deleted on server
2017-09-14 02:49:47: /Users/Later/Documents/Blog/Later/kklater.github.io/_posts/2017-07-20-next-tutorial.md deleted on server
2017-09-14 02:49:49: /Users/Later/Documents/Blog/Later/kklater.github.io/_posts/2015-09-19-emoji-test.md deleted on server
2017-09-14 02:49:49: /Users/Later/Documents/Blog/Later/kklater.github.io/_posts/2013-12-25-excerpts.md deleted on server
2017-09-14 02:49:50: /Users/Later/Documents/Blog/Later/kklater.github.io/_posts/2013-12-24-日本語テスト.md deleted on server
2017-09-14 02:49:50:  sync ended
2017-09-17 16:03:27:  start to sync now
2017-09-17 16:03:37: /Users/Later/Documents/Blog/Later/kklater.github.io/_posts/2016-04-27-iOS 泛型（Lightweight Generice）的使用.markdown uploaded to server done
2017-09-17 16:03:48: /Users/Later/Documents/Blog/Later/kklater.github.io/_posts/2016-06-12-mac修改hosts文件.md uploaded to server done
2017-09-17 16:03:50: /Users/Later/Documents/Blog/Later/kklater.github.io/_posts/2016-07-29-关于AssetsLibrary和PhotosKit.md uploaded to server done
2017-09-17 16:03:53: /Users/Later/Documents/Blog/Later/kklater.github.io/_posts/2016-10-12-如何优雅的书写CocoaPocds配置文件.podspec和.podfile.md uploaded to server done
2017-09-17 16:03:54: /Users/Later/Documents/Blog/Later/kklater.github.io/_posts/link.md uploaded to server done
2017-09-17 16:03:55: /Users/Later/Documents/Blog/Later/kklater.github.io/_posts/_image update folder to server
2017-09-17 16:03:57: /Users/Later/Documents/Blog/Later/kklater.github.io/_posts/_image/hosts修改1.png uploaded to server done
2017-09-17 16:04:00: /Users/Later/Documents/Blog/Later/kklater.github.io/_posts/_image/host修改2.png uploaded to server done
2017-09-17 16:04:00:  sync ended
